This is pdfTeX, Version 3.14159265-2.6-1.40.21 (TeX Live 2020/Arch Linux) (preloaded format=pdflatex 2021.2.24)  22 MAR 2021 11:47
entering extended mode
 restricted \write18 enabled.
 %&-line parsing enabled.
**"/home/danieliong/Dropbox (University of Michigan)/SWMF_QU/JuliaFiles/2021_02
_26_RunExploration/output/metrics_table.tex"

(/home/danieliong/Dropbox (University of Michigan)/SWMF_QU/JuliaFiles/2021_02_2
6_RunExploration/output/metrics_table.tex
LaTeX2e <2020-10-01> patch level 2
L3 programming layer <2020-12-03> xparse <2020-03-03>

! LaTeX Error: Missing \begin{document}.

See the LaTeX manual or LaTeX Companion for explanation.
Type  H <return>  for immediate help.
 ...                                              
                                                  
l.1 \begin{tabular}
                   {lllrrrr}
? 
! Emergency stop.
 ...                                              
                                                  
l.1 \begin{tabular}
                   {lllrrrr}
You're in trouble here.  Try typing  <return>  to proceed.
If that doesn't work, type  X <return>  to quit.

 
Here is how much of TeX's memory you used:
 18 strings out of 479383
 856 string characters out of 5875830
 267160 words of memory out of 5000000
 17229 multiletter control sequences out of 15000+600000
 403430 words of font info for 27 fonts, out of 8000000 for 9000
 1141 hyphenation exceptions out of 8191
 13i,0n,15p,177b,21s stack positions out of 5000i,500n,10000p,200000b,80000s
!  ==> Fatal error occurred, no output PDF file produced!
